<?xml version="1.0" encoding="UTF-8"?>
<testng-results ignored="0" total="14" passed="13" failed="1" skipped="0">
  <reporter-output>
  </reporter-output>
  <suite started-at="2019-12-15T10:07:35 IST" name="Default suite" finished-at="2019-12-15T10:07:50 IST" duration-ms="15103">
    <groups>
    </groups>
    <test started-at="2019-12-15T10:07:35 IST" name="Default test" finished-at="2019-12-15T10:07:50 IST" duration-ms="15103">
      <class name="com.googleTesting.Tests.GoogleHomePageTest">
        <test-method is-config="true" signature="openBrowser()[pri:0, instance:com.googleTesting.Tests.GoogleHomePageTest@14d3bc22]" started-at="2019-12-15T10:07:35 IST" name="openBrowser" finished-at="2019-12-15T10:07:40 IST" duration-ms="4777" status="PASS">
          <reporter-output>
          </reporter-output>
        </test-method> <!-- openBrowser -->
        <test-method signature="googleTitleTest()[pri:0, instance:com.googleTesting.Tests.GoogleHomePageTest@14d3bc22]" started-at="2019-12-15T10:07:40 IST" name="googleTitleTest" finished-at="2019-12-15T10:07:40 IST" duration-ms="24" status="FAIL">
          <exception class="java.lang.AssertionError">
            <message>
              <![CDATA[Title Verification is Failed:::: expected [Google657] but found [Google]]]>
            </message>
            <full-stacktrace>
              <![CDATA[java.lang.AssertionError: Title Verification is Failed:::: expected [Google657] but found [Google]
at org.testng.Assert.fail(Assert.java:97)
at org.testng.Assert.assertEqualsImpl(Assert.java:136)
at org.testng.Assert.assertEquals(Assert.java:118)
at org.testng.Assert.assertEquals(Assert.java:575)
at com.googleTesting.Tests.GoogleHomePageTest.googleTitleTest(GoogleHomePageTest.java:37)
at java.base/jdk.internal.reflect.NativeMethodAccessorImpl.invoke0(Native Method)
at java.base/jdk.internal.reflect.NativeMethodAccessorImpl.invoke(NativeMethodAccessorImpl.java:62)
at java.base/jdk.internal.reflect.DelegatingMethodAccessorImpl.invoke(DelegatingMethodAccessorImpl.java:43)
at java.base/java.lang.reflect.Method.invoke(Method.java:567)
at org.testng.internal.MethodInvocationHelper.invokeMethod(MethodInvocationHelper.java:133)
at org.testng.internal.TestInvoker.invokeMethod(TestInvoker.java:584)
at org.testng.internal.TestInvoker.invokeTestMethod(TestInvoker.java:172)
at org.testng.internal.MethodRunner.runInSequence(MethodRunner.java:46)
at org.testng.internal.TestInvoker$MethodInvocationAgent.invoke(TestInvoker.java:804)
at org.testng.internal.TestInvoker.invokeTestMethods(TestInvoker.java:145)
at org.testng.internal.TestMethodWorker.invokeTestMethods(TestMethodWorker.java:146)
at org.testng.internal.TestMethodWorker.run(TestMethodWorker.java:128)
at java.base/java.util.ArrayList.forEach(ArrayList.java:1507)
at org.testng.TestRunner.privateRun(TestRunner.java:770)
at org.testng.TestRunner.run(TestRunner.java:591)
at org.testng.SuiteRunner.runTest(SuiteRunner.java:402)
at org.testng.SuiteRunner.runSequentially(SuiteRunner.java:396)
at org.testng.SuiteRunner.privateRun(SuiteRunner.java:355)
at org.testng.SuiteRunner.run(SuiteRunner.java:304)
at org.testng.SuiteRunnerWorker.runSuite(SuiteRunnerWorker.java:53)
at org.testng.SuiteRunnerWorker.run(SuiteRunnerWorker.java:96)
at org.testng.TestNG.runSuitesSequentially(TestNG.java:1180)
at org.testng.TestNG.runSuitesLocally(TestNG.java:1102)
at org.testng.TestNG.runSuites(TestNG.java:1032)
at org.testng.TestNG.run(TestNG.java:1000)
at org.testng.remote.AbstractRemoteTestNG.run(AbstractRemoteTestNG.java:115)
at org.testng.remote.RemoteTestNG.initAndRun(RemoteTestNG.java:251)
at org.testng.remote.RemoteTestNG.main(RemoteTestNG.java:77)
]]>
            </full-stacktrace>
          </exception> <!-- java.lang.AssertionError -->
          <reporter-output>
          </reporter-output>
        </test-method> <!-- googleTitleTest -->
        <test-method signature="searchBoxIsDisplayed()[pri:0, instance:com.googleTesting.Tests.GoogleHomePageTest@14d3bc22]" started-at="2019-12-15T10:07:40 IST" name="searchBoxIsDisplayed" finished-at="2019-12-15T10:07:40 IST" duration-ms="177" status="PASS">
          <reporter-output>
          </reporter-output>
        </test-method> <!-- searchBoxIsDisplayed -->
        <test-method signature="verifyGoogleIamFeelingLuckyTest()[pri:0, instance:com.googleTesting.Tests.GoogleHomePageTest@14d3bc22]" started-at="2019-12-15T10:07:40 IST" name="verifyGoogleIamFeelingLuckyTest" finished-at="2019-12-15T10:07:40 IST" duration-ms="85" status="PASS">
          <reporter-output>
          </reporter-output>
        </test-method> <!-- verifyGoogleIamFeelingLuckyTest -->
        <test-method signature="verifyGoogleImagesTest()[pri:0, instance:com.googleTesting.Tests.GoogleHomePageTest@14d3bc22]" started-at="2019-12-15T10:07:40 IST" name="verifyGoogleImagesTest" finished-at="2019-12-15T10:07:40 IST" duration-ms="73" status="PASS">
          <reporter-output>
          </reporter-output>
        </test-method> <!-- verifyGoogleImagesTest -->
        <test-method signature="verifyGoogleLogoTest()[pri:0, instance:com.googleTesting.Tests.GoogleHomePageTest@14d3bc22]" started-at="2019-12-15T10:07:40 IST" name="verifyGoogleLogoTest" finished-at="2019-12-15T10:07:41 IST" duration-ms="67" status="PASS">
          <reporter-output>
          </reporter-output>
        </test-method> <!-- verifyGoogleLogoTest -->
        <test-method signature="verifyGoogleSearchButtonTest()[pri:0, instance:com.googleTesting.Tests.GoogleHomePageTest@14d3bc22]" started-at="2019-12-15T10:07:41 IST" name="verifyGoogleSearchButtonTest" finished-at="2019-12-15T10:07:41 IST" duration-ms="93" status="PASS">
          <reporter-output>
          </reporter-output>
        </test-method> <!-- verifyGoogleSearchButtonTest -->
        <test-method signature="verifyGooglegmailTest()[pri:0, instance:com.googleTesting.Tests.GoogleHomePageTest@14d3bc22]" started-at="2019-12-15T10:07:41 IST" name="verifyGooglegmailTest" finished-at="2019-12-15T10:07:41 IST" duration-ms="72" status="PASS">
          <reporter-output>
          </reporter-output>
        </test-method> <!-- verifyGooglegmailTest -->
        <test-method signature="searchBoxIsEnabled()[pri:0, instance:com.googleTesting.Tests.GoogleHomePageTest@14d3bc22]" started-at="2019-12-15T10:07:41 IST" name="searchBoxIsEnabled" finished-at="2019-12-15T10:07:41 IST" depends-on-methods="com.googleTesting.Tests.GoogleHomePageTest.searchBoxIsDisplayed" duration-ms="39" status="PASS">
          <reporter-output>
          </reporter-output>
        </test-method> <!-- searchBoxIsEnabled -->
        <test-method signature="verifyGoogleIamFeelingLuckyEnabledTest()[pri:0, instance:com.googleTesting.Tests.GoogleHomePageTest@14d3bc22]" started-at="2019-12-15T10:07:41 IST" name="verifyGoogleIamFeelingLuckyEnabledTest" finished-at="2019-12-15T10:07:41 IST" depends-on-methods="com.googleTesting.Tests.GoogleHomePageTest.verifyGoogleIamFeelingLuckyTest" duration-ms="37" status="PASS">
          <reporter-output>
          </reporter-output>
        </test-method> <!-- verifyGoogleIamFeelingLuckyEnabledTest -->
        <test-method signature="verifyGoogleImagesEnabledTest()[pri:0, instance:com.googleTesting.Tests.GoogleHomePageTest@14d3bc22]" started-at="2019-12-15T10:07:41 IST" name="verifyGoogleImagesEnabledTest" finished-at="2019-12-15T10:07:41 IST" depends-on-methods="com.googleTesting.Tests.GoogleHomePageTest.verifyGoogleImagesTest" duration-ms="45" status="PASS">
          <reporter-output>
          </reporter-output>
        </test-method> <!-- verifyGoogleImagesEnabledTest -->
        <test-method signature="verifyGoogleLogoEnabledTest()[pri:0, instance:com.googleTesting.Tests.GoogleHomePageTest@14d3bc22]" started-at="2019-12-15T10:07:41 IST" name="verifyGoogleLogoEnabledTest" finished-at="2019-12-15T10:07:41 IST" depends-on-methods="com.googleTesting.Tests.GoogleHomePageTest.verifyGoogleLogoTest" duration-ms="34" status="PASS">
          <reporter-output>
          </reporter-output>
        </test-method> <!-- verifyGoogleLogoEnabledTest -->
        <test-method signature="verifyGoogleSearchButtonEnabledEnabledTest()[pri:0, instance:com.googleTesting.Tests.GoogleHomePageTest@14d3bc22]" started-at="2019-12-15T10:07:41 IST" name="verifyGoogleSearchButtonEnabledEnabledTest" finished-at="2019-12-15T10:07:41 IST" depends-on-methods="com.googleTesting.Tests.GoogleHomePageTest.verifyGoogleSearchButtonTest" duration-ms="35" status="PASS">
          <reporter-output>
          </reporter-output>
        </test-method> <!-- verifyGoogleSearchButtonEnabledEnabledTest -->
        <test-method signature="verifyGooglegmailEnabledTest()[pri:0, instance:com.googleTesting.Tests.GoogleHomePageTest@14d3bc22]" started-at="2019-12-15T10:07:41 IST" name="verifyGooglegmailEnabledTest" finished-at="2019-12-15T10:07:41 IST" depends-on-methods="com.googleTesting.Tests.GoogleHomePageTest.verifyGooglegmailTest" duration-ms="39" status="PASS">
          <reporter-output>
          </reporter-output>
        </test-method> <!-- verifyGooglegmailEnabledTest -->
        <test-method signature="googleSearchTest()[pri:0, instance:com.googleTesting.Tests.GoogleHomePageTest@14d3bc22]" started-at="2019-12-15T10:07:41 IST" name="googleSearchTest" finished-at="2019-12-15T10:07:48 IST" depends-on-methods="com.googleTesting.Tests.GoogleHomePageTest.verifyGoogleIamFeelingLuckyEnabledTest" duration-ms="7079" status="PASS">
          <reporter-output>
          </reporter-output>
        </test-method> <!-- googleSearchTest -->
        <test-method is-config="true" signature="closeBroswer()[pri:0, instance:com.googleTesting.Tests.GoogleHomePageTest@14d3bc22]" started-at="2019-12-15T10:07:48 IST" name="closeBroswer" finished-at="2019-12-15T10:07:50 IST" duration-ms="2339" status="PASS">
          <reporter-output>
          </reporter-output>
        </test-method> <!-- closeBroswer -->
      </class> <!-- com.googleTesting.Tests.GoogleHomePageTest -->
    </test> <!-- Default test -->
  </suite> <!-- Default suite -->
</testng-results>
