<?xml version="1.0" encoding="UTF-8"?>
<!-- Generated by org.testng.reporters.JUnitReportReporter -->
<testsuite hostname="DESKTOP-LJPF40V" failures="1" tests="14" name="com.googleTesting.Tests.GoogleHomePageTest" time="7.899" errors="0" timestamp="2019-12-15T10:07:51 IST" skipped="0">
  <testcase classname="com.googleTesting.Tests.GoogleHomePageTest" name="verifyGooglegmailTest" time="0.072"/>
  <testcase classname="com.googleTesting.Tests.GoogleHomePageTest" name="verifyGoogleSearchButtonTest" time="0.093"/>
  <testcase classname="com.googleTesting.Tests.GoogleHomePageTest" name="googleSearchTest" time="7.079"/>
  <testcase classname="com.googleTesting.Tests.GoogleHomePageTest" name="searchBoxIsDisplayed" time="0.177"/>
  <testcase classname="com.googleTesting.Tests.GoogleHomePageTest" name="verifyGoogleSearchButtonEnabledEnabledTest" time="0.035"/>
  <testcase classname="com.googleTesting.Tests.GoogleHomePageTest" name="verifyGoogleIamFeelingLuckyTest" time="0.085"/>
  <testcase classname="com.googleTesting.Tests.GoogleHomePageTest" name="verifyGoogleLogoTest" time="0.067"/>
  <testcase classname="com.googleTesting.Tests.GoogleHomePageTest" name="searchBoxIsEnabled" time="0.039"/>
  <testcase classname="com.googleTesting.Tests.GoogleHomePageTest" name="verifyGoogleImagesEnabledTest" time="0.045"/>
  <testcase classname="com.googleTesting.Tests.GoogleHomePageTest" name="verifyGoogleLogoEnabledTest" time="0.034"/>
  <testcase classname="com.googleTesting.Tests.GoogleHomePageTest" name="verifyGoogleImagesTest" time="0.073"/>
  <testcase classname="com.googleTesting.Tests.GoogleHomePageTest" name="verifyGoogleIamFeelingLuckyEnabledTest" time="0.037"/>
  <testcase classname="com.googleTesting.Tests.GoogleHomePageTest" name="verifyGooglegmailEnabledTest" time="0.039"/>
  <testcase classname="com.googleTesting.Tests.GoogleHomePageTest" name="googleTitleTest" time="0.024">
    <failure message="Title Verification is Failed:::: expected [Google657] but found [Google]" type="java.lang.AssertionError">
      <![CDATA[java.lang.AssertionError: Title Verification is Failed:::: expected [Google657] but found [Google]
at org.testng.Assert.fail(Assert.java:97)
at org.testng.Assert.assertEqualsImpl(Assert.java:136)
at org.testng.Assert.assertEquals(Assert.java:118)
at org.testng.Assert.assertEquals(Assert.java:575)
at com.googleTesting.Tests.GoogleHomePageTest.googleTitleTest(GoogleHomePageTest.java:37)
at java.base/jdk.internal.reflect.NativeMethodAccessorImpl.invoke0(Native Method)
at java.base/jdk.internal.reflect.NativeMethodAccessorImpl.invoke(NativeMethodAccessorImpl.java:62)
at java.base/jdk.internal.reflect.DelegatingMethodAccessorImpl.invoke(DelegatingMethodAccessorImpl.java:43)
at java.base/java.lang.reflect.Method.invoke(Method.java:567)
at org.testng.internal.MethodInvocationHelper.invokeMethod(MethodInvocationHelper.java:133)
at org.testng.internal.TestInvoker.invokeMethod(TestInvoker.java:584)
at org.testng.internal.TestInvoker.invokeTestMethod(TestInvoker.java:172)
at org.testng.internal.MethodRunner.runInSequence(MethodRunner.java:46)
at org.testng.internal.TestInvoker$MethodInvocationAgent.invoke(TestInvoker.java:804)
at org.testng.internal.TestInvoker.invokeTestMethods(TestInvoker.java:145)
at org.testng.internal.TestMethodWorker.invokeTestMethods(TestMethodWorker.java:146)
at org.testng.internal.TestMethodWorker.run(TestMethodWorker.java:128)
at java.base/java.util.ArrayList.forEach(ArrayList.java:1507)
at org.testng.TestRunner.privateRun(TestRunner.java:770)
at org.testng.TestRunner.run(TestRunner.java:591)
at org.testng.SuiteRunner.runTest(SuiteRunner.java:402)
at org.testng.SuiteRunner.runSequentially(SuiteRunner.java:396)
at org.testng.SuiteRunner.privateRun(SuiteRunner.java:355)
at org.testng.SuiteRunner.run(SuiteRunner.java:304)
at org.testng.SuiteRunnerWorker.runSuite(SuiteRunnerWorker.java:53)
at org.testng.SuiteRunnerWorker.run(SuiteRunnerWorker.java:96)
at org.testng.TestNG.runSuitesSequentially(TestNG.java:1180)
at org.testng.TestNG.runSuitesLocally(TestNG.java:1102)
at org.testng.TestNG.runSuites(TestNG.java:1032)
at org.testng.TestNG.run(TestNG.java:1000)
at org.testng.remote.AbstractRemoteTestNG.run(AbstractRemoteTestNG.java:115)
at org.testng.remote.RemoteTestNG.initAndRun(RemoteTestNG.java:251)
at org.testng.remote.RemoteTestNG.main(RemoteTestNG.java:77)
]]>
    </failure>
  </testcase> <!-- googleTitleTest -->
</testsuite> <!-- com.googleTesting.Tests.GoogleHomePageTest -->
